<?xml version="1.0" encoding="UTF-8"?>
<testsuite xmlns:xsi="http://www.w3.org/2001/XMLSchema-instance" xsi:noNamespaceSchemaLocation="https://maven.apache.org/surefire/maven-surefire-plugin/xsd/surefire-test-report-3.0.xsd" version="3.0" name="auftragsverwaltung.domain.OrderDomainTest" time="0.037" tests="2" errors="0" skipped="0" failures="0">
  <properties>
[...]
</properties>
  <testcase name="paid_order_cannot_be_cancelled" classname="auftragsverwaltung.domain.OrderDomainTest" time="0.028"/>
  <testcase name="total_order_price_is_correct" classname="auftragsverwaltung.domain.OrderDomainTest" time="0.003"/>
</testsuite>